Base path: C:/Program Files/Unity/Editor/Data
Pipe name: \\.\pipe\UnityShaderCompiler-64bit-2-4992
Cmd: getPlatforms
Cmd: compileSnippet
  api=9 type=0 insize=1329 outsize=1338 kw= ok=1
Cmd: compileSnippet
  api=9 type=1 insize=1329 outsize=7 kw= ok=1
Cmd: compileSnippet
  api=9 type=0 insize=1325 outsize=1334 kw= ok=1
Cmd: compileSnippet
  api=9 type=1 insize=1325 outsize=7 kw= ok=1
Cmd: compileSnippet
  api=9 type=0 insize=1325 outsize=1334 kw= ok=1
Cmd: compileSnippet
  api=9 type=1 insize=1325 outsize=7 kw= ok=1
Cmd: compileSnippet
  api=9 type=0 insize=1329 outsize=1338 kw= ok=1
Cmd: compileSnippet
  api=5 type=1 insize=1329 outsize=6 kw= ok=1
Cmd: compileSnippet
  api=9 type=0 insize=1317 outsize=1326 kw= ok=1
Cmd: compileSnippet
  api=9 type=1 insize=1317 outsize=7 kw= ok=1
Cmd: compileSnippet
  api=9 type=0 insize=1327 outsize=1334 kw= ok=1
Cmd: compileSnippet
  api=9 type=1 insize=1327 outsize=7 kw= ok=1
